This is pdfTeX, Version 3.14159265-2.6-1.40.19 (TeX Live 2018) (preloaded format=pdflatex 2018.4.16)  2 JUN 2021 06:07
entering extended mode
 restricted \write18 enabled.
 %&-line parsing enabled.
**Navigate_CMR_STAC.tex
(./Navigate_CMR_STAC.tex
LaTeX2e <2018-04-01> patch level 2
Babel <3.18> and hyphenation patterns for 84 language(s) loaded.
(/usr/local/texlive/2018/texmf-dist/tex/latex/koma-script/scrartcl.cls
Document Class: scrartcl 2018/03/30 v3.25 KOMA-Script document class (article)
(/usr/local/texlive/2018/texmf-dist/tex/latex/koma-script/scrkbase.sty
Package: scrkbase 2018/03/30 v3.25 KOMA-Script package (KOMA-Script-dependent b
asics and keyval usage)
(/usr/local/texlive/2018/texmf-dist/tex/latex/koma-script/scrbase.sty
Package: scrbase 2018/03/30 v3.25 KOMA-Script package (KOMA-Script-independent 
basics and keyval usage)
(/usr/local/texlive/2018/texmf-dist/tex/latex/graphics/keyval.sty
Package: keyval 2014/10/28 v1.15 key=value parser (DPC)
\KV@toks@=\toks14
) (/usr/local/texlive/2018/texmf-dist/tex/latex/koma-script/scrlfile.sty
Package: scrlfile 2018/03/30 v3.25 KOMA-Script package (loading files)
))) (/usr/local/texlive/2018/texmf-dist/tex/latex/koma-script/tocbasic.sty
Package: tocbasic 2018/03/30 v3.25 KOMA-Script package (handling toc-files)
\scr@dte@tocline@numberwidth=\skip41
\scr@dte@tocline@numbox=\box26
)
Package tocbasic Info: omitting babel extension for `toc'
(tocbasic)             because of feature `nobabel' available
(tocbasic)             for `toc' on input line 134.
Class scrartcl Info: File `scrsize11pt.clo' used instead of
(scrartcl)           file `scrsize11.clo' to setup font sizes on input line 211
4.
(/usr/local/texlive/2018/texmf-dist/tex/latex/koma-script/scrsize11pt.clo
File: scrsize11pt.clo 2018/03/30 v3.25 KOMA-Script font size class option (11pt
)
) (/usr/local/texlive/2018/texmf-dist/tex/latex/koma-script/typearea.sty
Package: typearea 2018/03/30 v3.25 KOMA-Script package (type area)
\ta@bcor=\skip42
\ta@div=\count80
Package typearea Info: You've used standard option `letterpaper'.
(typearea)             This is correct!
(typearea)             Internally I'm using `paper=letter'.
(typearea)             If you'd like to set the option with \KOMAoptions,
(typearea)             you'd have to use `paper=letter' there
(typearea)             instead of `letterpaper', too.
\ta@hblk=\skip43
\ta@vblk=\skip44
\ta@temp=\skip45
\footheight=\skip46
Package typearea Info: With paper sizes other than (almost) `A4' predefined
(typearea)             DIV values do not exist. Using DIV calculation for good
(typearea)             line width (unless using `version=3.24` or prior).
DIV calculation for typearea with good linewidth.
Package typearea Info: These are the values describing the layout:
(typearea)             DIV  = 7
(typearea)             BCOR = 0.0pt
(typearea)             \paperwidth      = 614.295pt
(typearea)              \textwidth      = 351.02573pt
(typearea)              DIV departure   = 3%
(typearea)              \evensidemargin = 59.36464pt
(typearea)              \oddsidemargin  = 59.36464pt
(typearea)             \paperheight     = 794.96999pt
(typearea)              \textheight     = 459.8002pt
(typearea)              \topmargin      = 3.89714pt
(typearea)              \headheight     = 17.0pt
(typearea)              \headsep        = 20.40001pt
(typearea)              \topskip        = 11.0pt
(typearea)              \footskip       = 47.6pt
(typearea)              \baselineskip   = 13.6pt
(typearea)              on input line 1706.
)
\c@part=\count81
\c@section=\count82
\c@subsection=\count83
\c@subsubsection=\count84
\c@paragraph=\count85
\c@subparagraph=\count86
\scr@dte@part@maxnumwidth=\skip47
\scr@dte@section@maxnumwidth=\skip48
\scr@dte@subsection@maxnumwidth=\skip49
\scr@dte@subsubsection@maxnumwidth=\skip50
\scr@dte@paragraph@maxnumwidth=\skip51
\scr@dte@subparagraph@maxnumwidth=\skip52
\abovecaptionskip=\skip53
\belowcaptionskip=\skip54
\c@pti@nb@sid@b@x=\box27
\scr@dte@figure@maxnumwidth=\skip55
Package tocbasic Info: omitting babel extension for `lof'
(tocbasic)             because of feature `nobabel' available
(tocbasic)             for `lof' on input line 5439.
\c@figure=\count87
\scr@dte@table@maxnumwidth=\skip56
Package tocbasic Info: omitting babel extension for `lot'
(tocbasic)             because of feature `nobabel' available
(tocbasic)             for `lot' on input line 5451.
\c@table=\count88
Class scrartcl Info: Redefining `\numberline' on input line 5615.
\bibindent=\dimen102
) (/usr/local/texlive/2018/texmf-dist/tex/latex/amsmath/amsmath.sty
Package: amsmath 2017/09/02 v2.17a AMS math features
\@mathmargin=\skip57
For additional information on amsmath, use the `?' option.
(/usr/local/texlive/2018/texmf-dist/tex/latex/amsmath/amstext.sty
Package: amstext 2000/06/29 v2.01 AMS text
(/usr/local/texlive/2018/texmf-dist/tex/latex/amsmath/amsgen.sty
File: amsgen.sty 1999/11/30 v2.0 generic functions
\@emptytoks=\toks15
\ex@=\dimen103
)) (/usr/local/texlive/2018/texmf-dist/tex/latex/amsmath/amsbsy.sty
Package: amsbsy 1999/11/29 v1.2d Bold Symbols
\pmbraise@=\dimen104
) (/usr/local/texlive/2018/texmf-dist/tex/latex/amsmath/amsopn.sty
Package: amsopn 2016/03/08 v2.02 operator names
)
\inf@bad=\count89
LaTeX Info: Redefining \frac on input line 213.
\uproot@=\count90
\leftroot@=\count91
LaTeX Info: Redefining \overline on input line 375.
\classnum@=\count92
\DOTSCASE@=\count93
LaTeX Info: Redefining \ldots on input line 472.
LaTeX Info: Redefining \dots on input line 475.
LaTeX Info: Redefining \cdots on input line 596.
\Mathstrutbox@=\box28
\strutbox@=\box29
\big@size=\dimen105
LaTeX Font Info:    Redeclaring font encoding OML on input line 712.
LaTeX Font Info:    Redeclaring font encoding OMS on input line 713.
\macc@depth=\count94
\c@MaxMatrixCols=\count95
\dotsspace@=\muskip10
\c@parentequation=\count96
\dspbrk@lvl=\count97
\tag@help=\toks16
\row@=\count98
\column@=\count99
\maxfields@=\count100
\andhelp@=\toks17
\eqnshift@=\dimen106
\alignsep@=\dimen107
\tagshift@=\dimen108
\tagwidth@=\dimen109
\totwidth@=\dimen110
\lineht@=\dimen111
\@envbody=\toks18
\multlinegap=\skip58
\multlinetaggap=\skip59
\mathdisplay@stack=\toks19
LaTeX Info: Redefining \[ on input line 2817.
LaTeX Info: Redefining \] on input line 2818.
) (/usr/local/texlive/2018/texmf-dist/tex/latex/amsfonts/amssymb.sty
Package: amssymb 2013/01/14 v3.01 AMS font symbols
(/usr/local/texlive/2018/texmf-dist/tex/latex/amsfonts/amsfonts.sty
Package: amsfonts 2013/01/14 v3.01 Basic AMSFonts support
\symAMSa=\mathgroup4
\symAMSb=\mathgroup5
LaTeX Font Info:    Overwriting math alphabet `\mathfrak' in version `bold'
(Font)                  U/euf/m/n --> U/euf/b/n on input line 106.
)) (/usr/local/texlive/2018/texmf-dist/tex/latex/lm/lmodern.sty
Package: lmodern 2009/10/30 v1.6 Latin Modern Fonts
LaTeX Font Info:    Overwriting symbol font `operators' in version `normal'
(Font)                  OT1/cmr/m/n --> OT1/lmr/m/n on input line 22.
LaTeX Font Info:    Overwriting symbol font `letters' in version `normal'
(Font)                  OML/cmm/m/it --> OML/lmm/m/it on input line 23.
LaTeX Font Info:    Overwriting symbol font `symbols' in version `normal'
(Font)                  OMS/cmsy/m/n --> OMS/lmsy/m/n on input line 24.
LaTeX Font Info:    Overwriting symbol font `largesymbols' in version `normal'
(Font)                  OMX/cmex/m/n --> OMX/lmex/m/n on input line 25.
LaTeX Font Info:    Overwriting symbol font `operators' in version `bold'
(Font)                  OT1/cmr/bx/n --> OT1/lmr/bx/n on input line 26.
LaTeX Font Info:    Overwriting symbol font `letters' in version `bold'
(Font)                  OML/cmm/b/it --> OML/lmm/b/it on input line 27.
LaTeX Font Info:    Overwriting symbol font `symbols' in version `bold'
(Font)                  OMS/cmsy/b/n --> OMS/lmsy/b/n on input line 28.
LaTeX Font Info:    Overwriting symbol font `largesymbols' in version `bold'
(Font)                  OMX/cmex/m/n --> OMX/lmex/m/n on input line 29.
LaTeX Font Info:    Overwriting math alphabet `\mathbf' in version `normal'
(Font)                  OT1/cmr/bx/n --> OT1/lmr/bx/n on input line 31.
LaTeX Font Info:    Overwriting math alphabet `\mathsf' in version `normal'
(Font)                  OT1/cmss/m/n --> OT1/lmss/m/n on input line 32.
LaTeX Font Info:    Overwriting math alphabet `\mathit' in version `normal'
(Font)                  OT1/cmr/m/it --> OT1/lmr/m/it on input line 33.
LaTeX Font Info:    Overwriting math alphabet `\mathtt' in version `normal'
(Font)                  OT1/cmtt/m/n --> OT1/lmtt/m/n on input line 34.
LaTeX Font Info:    Overwriting math alphabet `\mathbf' in version `bold'
(Font)                  OT1/cmr/bx/n --> OT1/lmr/bx/n on input line 35.
LaTeX Font Info:    Overwriting math alphabet `\mathsf' in version `bold'
(Font)                  OT1/cmss/bx/n --> OT1/lmss/bx/n on input line 36.
LaTeX Font Info:    Overwriting math alphabet `\mathit' in version `bold'
(Font)                  OT1/cmr/bx/it --> OT1/lmr/bx/it on input line 37.
LaTeX Font Info:    Overwriting math alphabet `\mathtt' in version `bold'
(Font)                  OT1/cmtt/m/n --> OT1/lmtt/m/n on input line 38.
) (/usr/local/texlive/2018/texmf-dist/tex/generic/iftex/iftex.sty
Package: iftex 2013/04/04 v0.2 Provides if(tex) conditional for PDFTeX, XeTeX, 
and LuaTeX
) (/usr/local/texlive/2018/texmf-dist/tex/latex/base/fontenc.sty
Package: fontenc 2017/04/05 v2.0i Standard LaTeX package
(/usr/local/texlive/2018/texmf-dist/tex/latex/base/t1enc.def
File: t1enc.def 2017/04/05 v2.0i Standard LaTeX file
LaTeX Font Info:    Redeclaring font encoding T1 on input line 48.
)) (/usr/local/texlive/2018/texmf-dist/tex/latex/base/inputenc.sty
Package: inputenc 2018/04/06 v1.3b Input encoding file
\inpenc@prehook=\toks20
\inpenc@posthook=\toks21
) (/usr/local/texlive/2018/texmf-dist/tex/latex/base/textcomp.sty
Package: textcomp 2017/04/05 v2.0i Standard LaTeX package
Package textcomp Info: Sub-encoding information:
(textcomp)               5 = only ISO-Adobe without \textcurrency
(textcomp)               4 = 5 + \texteuro
(textcomp)               3 = 4 + \textohm
(textcomp)               2 = 3 + \textestimated + \textcurrency
(textcomp)               1 = TS1 - \textcircled - \t
(textcomp)               0 = TS1 (full)
(textcomp)             Font families with sub-encoding setting implement
(textcomp)             only a restricted character set as indicated.
(textcomp)             Family '?' is the default used for unknown fonts.
(textcomp)             See the documentation for details.
Package textcomp Info: Setting ? sub-encoding to TS1/1 on input line 79.
(/usr/local/texlive/2018/texmf-dist/tex/latex/base/ts1enc.def
File: ts1enc.def 2001/06/05 v3.0e (jk/car/fm) Standard LaTeX file
Now handling font encoding TS1 ...
... processing UTF-8 mapping file for font encoding TS1
(/usr/local/texlive/2018/texmf-dist/tex/latex/base/ts1enc.dfu
File: ts1enc.dfu 2018/04/05 v1.2c UTF-8 support for inputenc
   defining Unicode char U+00A2 (decimal 162)
   defining Unicode char U+00A3 (decimal 163)
   defining Unicode char U+00A4 (decimal 164)
   defining Unicode char U+00A5 (decimal 165)
   defining Unicode char U+00A6 (decimal 166)
   defining Unicode char U+00A7 (decimal 167)
   defining Unicode char U+00A8 (decimal 168)
   defining Unicode char U+00A9 (decimal 169)
   defining Unicode char U+00AA (decimal 170)
   defining Unicode char U+00AC (decimal 172)
   defining Unicode char U+00AE (decimal 174)
   defining Unicode char U+00AF (decimal 175)
   defining Unicode char U+00B0 (decimal 176)
   defining Unicode char U+00B1 (decimal 177)
   defining Unicode char U+00B2 (decimal 178)
   defining Unicode char U+00B3 (decimal 179)
   defining Unicode char U+00B4 (decimal 180)
   defining Unicode char U+00B5 (decimal 181)
   defining Unicode char U+00B6 (decimal 182)
   defining Unicode char U+00B7 (decimal 183)
   defining Unicode char U+00B9 (decimal 185)
   defining Unicode char U+00BA (decimal 186)
   defining Unicode char U+00BC (decimal 188)
   defining Unicode char U+00BD (decimal 189)
   defining Unicode char U+00BE (decimal 190)
   defining Unicode char U+00D7 (decimal 215)
   defining Unicode char U+00F7 (decimal 247)
   defining Unicode char U+0192 (decimal 402)
   defining Unicode char U+02C7 (decimal 711)
   defining Unicode char U+02D8 (decimal 728)
   defining Unicode char U+02DD (decimal 733)
   defining Unicode char U+0E3F (decimal 3647)
   defining Unicode char U+2016 (decimal 8214)
   defining Unicode char U+2020 (decimal 8224)
   defining Unicode char U+2021 (decimal 8225)
   defining Unicode char U+2022 (decimal 8226)
   defining Unicode char U+2030 (decimal 8240)
   defining Unicode char U+2031 (decimal 8241)
   defining Unicode char U+203B (decimal 8251)
   defining Unicode char U+203D (decimal 8253)
   defining Unicode char U+2044 (decimal 8260)
   defining Unicode char U+204E (decimal 8270)
   defining Unicode char U+2052 (decimal 8274)
   defining Unicode char U+20A1 (decimal 8353)
   defining Unicode char U+20A4 (decimal 8356)
   defining Unicode char U+20A6 (decimal 8358)
   defining Unicode char U+20A9 (decimal 8361)
   defining Unicode char U+20AB (decimal 8363)
   defining Unicode char U+20AC (decimal 8364)
   defining Unicode char U+20B1 (decimal 8369)
   defining Unicode char U+2103 (decimal 8451)
   defining Unicode char U+2116 (decimal 8470)
   defining Unicode char U+2117 (decimal 8471)
   defining Unicode char U+211E (decimal 8478)
   defining Unicode char U+2120 (decimal 8480)
   defining Unicode char U+2122 (decimal 8482)
   defining Unicode char U+2126 (decimal 8486)
   defining Unicode char U+2127 (decimal 8487)
   defining Unicode char U+212E (decimal 8494)
   defining Unicode char U+2190 (decimal 8592)
   defining Unicode char U+2191 (decimal 8593)
   defining Unicode char U+2192 (decimal 8594)
   defining Unicode char U+2193 (decimal 8595)
   defining Unicode char U+2329 (decimal 9001)
   defining Unicode char U+232A (decimal 9002)
   defining Unicode char U+2422 (decimal 9250)
   defining Unicode char U+25E6 (decimal 9702)
   defining Unicode char U+25EF (decimal 9711)
   defining Unicode char U+266A (decimal 9834)
   defining Unicode char U+FEFF (decimal 65279)
))
LaTeX Info: Redefining \oldstylenums on input line 334.
Package textcomp Info: Setting cmr sub-encoding to TS1/0 on input line 349.
Package textcomp Info: Setting cmss sub-encoding to TS1/0 on input line 350.
Package textcomp Info: Setting cmtt sub-encoding to TS1/0 on input line 351.
Package textcomp Info: Setting cmvtt sub-encoding to TS1/0 on input line 352.
Package textcomp Info: Setting cmbr sub-encoding to TS1/0 on input line 353.
Package textcomp Info: Setting cmtl sub-encoding to TS1/0 on input line 354.
Package textcomp Info: Setting ccr sub-encoding to TS1/0 on input line 355.
Package textcomp Info: Setting ptm sub-encoding to TS1/4 on input line 356.
Package textcomp Info: Setting pcr sub-encoding to TS1/4 on input line 357.
Package textcomp Info: Setting phv sub-encoding to TS1/4 on input line 358.
Package textcomp Info: Setting ppl sub-encoding to TS1/3 on input line 359.
Package textcomp Info: Setting pag sub-encoding to TS1/4 on input line 360.
Package textcomp Info: Setting pbk sub-encoding to TS1/4 on input line 361.
Package textcomp Info: Setting pnc sub-encoding to TS1/4 on input line 362.
Package textcomp Info: Setting pzc sub-encoding to TS1/4 on input line 363.
Package textcomp Info: Setting bch sub-encoding to TS1/4 on input line 364.
Package textcomp Info: Setting put sub-encoding to TS1/5 on input line 365.
Package textcomp Info: Setting uag sub-encoding to TS1/5 on input line 366.
Package textcomp Info: Setting ugq sub-encoding to TS1/5 on input line 367.
Package textcomp Info: Setting ul8 sub-encoding to TS1/4 on input line 368.
Package textcomp Info: Setting ul9 sub-encoding to TS1/4 on input line 369.
Package textcomp Info: Setting augie sub-encoding to TS1/5 on input line 370.
Package textcomp Info: Setting dayrom sub-encoding to TS1/3 on input line 371.
Package textcomp Info: Setting dayroms sub-encoding to TS1/3 on input line 372.

Package textcomp Info: Setting pxr sub-encoding to TS1/0 on input line 373.
Package textcomp Info: Setting pxss sub-encoding to TS1/0 on input line 374.
Package textcomp Info: Setting pxtt sub-encoding to TS1/0 on input line 375.
Package textcomp Info: Setting txr sub-encoding to TS1/0 on input line 376.
Package textcomp Info: Setting txss sub-encoding to TS1/0 on input line 377.
Package textcomp Info: Setting txtt sub-encoding to TS1/0 on input line 378.
Package textcomp Info: Setting lmr sub-encoding to TS1/0 on input line 379.
Package textcomp Info: Setting lmdh sub-encoding to TS1/0 on input line 380.
Package textcomp Info: Setting lmss sub-encoding to TS1/0 on input line 381.
Package textcomp Info: Setting lmssq sub-encoding to TS1/0 on input line 382.
Package textcomp Info: Setting lmvtt sub-encoding to TS1/0 on input line 383.
Package textcomp Info: Setting lmtt sub-encoding to TS1/0 on input line 384.
Package textcomp Info: Setting qhv sub-encoding to TS1/0 on input line 385.
Package textcomp Info: Setting qag sub-encoding to TS1/0 on input line 386.
Package textcomp Info: Setting qbk sub-encoding to TS1/0 on input line 387.
Package textcomp Info: Setting qcr sub-encoding to TS1/0 on input line 388.
Package textcomp Info: Setting qcs sub-encoding to TS1/0 on input line 389.
Package textcomp Info: Setting qpl sub-encoding to TS1/0 on input line 390.
Package textcomp Info: Setting qtm sub-encoding to TS1/0 on input line 391.
Package textcomp Info: Setting qzc sub-encoding to TS1/0 on input line 392.
Package textcomp Info: Setting qhvc sub-encoding to TS1/0 on input line 393.
Package textcomp Info: Setting futs sub-encoding to TS1/4 on input line 394.
Package textcomp Info: Setting futx sub-encoding to TS1/4 on input line 395.
Package textcomp Info: Setting futj sub-encoding to TS1/4 on input line 396.
Package textcomp Info: Setting hlh sub-encoding to TS1/3 on input line 397.
Package textcomp Info: Setting hls sub-encoding to TS1/3 on input line 398.
Package textcomp Info: Setting hlst sub-encoding to TS1/3 on input line 399.
Package textcomp Info: Setting hlct sub-encoding to TS1/5 on input line 400.
Package textcomp Info: Setting hlx sub-encoding to TS1/5 on input line 401.
Package textcomp Info: Setting hlce sub-encoding to TS1/5 on input line 402.
Package textcomp Info: Setting hlcn sub-encoding to TS1/5 on input line 403.
Package textcomp Info: Setting hlcw sub-encoding to TS1/5 on input line 404.
Package textcomp Info: Setting hlcf sub-encoding to TS1/5 on input line 405.
Package textcomp Info: Setting pplx sub-encoding to TS1/3 on input line 406.
Package textcomp Info: Setting pplj sub-encoding to TS1/3 on input line 407.
Package textcomp Info: Setting ptmx sub-encoding to TS1/4 on input line 408.
Package textcomp Info: Setting ptmj sub-encoding to TS1/4 on input line 409.
) (/usr/local/texlive/2018/texmf-dist/tex/latex/upquote/upquote.sty
Package: upquote 2012/04/19 v1.3 upright-quote and grave-accent glyphs in verba
tim
) (/usr/local/texlive/2018/texmf-dist/tex/latex/microtype/microtype.sty
Package: microtype 2018/01/14 v2.7a Micro-typographical refinements (RS)
\MT@toks=\toks22
\MT@count=\count101
LaTeX Info: Redefining \textls on input line 793.
\MT@outer@kern=\dimen112
LaTeX Info: Redefining \textmicrotypecontext on input line 1339.
\MT@listname@count=\count102
(/usr/local/texlive/2018/texmf-dist/tex/latex/microtype/microtype-pdftex.def
File: microtype-pdftex.def 2018/01/14 v2.7a Definitions specific to pdftex (RS)

LaTeX Info: Redefining \lsstyle on input line 913.
LaTeX Info: Redefining \lslig on input line 913.
\MT@outer@space=\skip60
)
Package microtype Info: Loading configuration file microtype.cfg.
(/usr/local/texlive/2018/texmf-dist/tex/latex/microtype/microtype.cfg
File: microtype.cfg 2018/01/14 v2.7a microtype main configuration file (RS)
)) (/usr/local/texlive/2018/texmf-dist/tex/latex/xcolor/xcolor.sty
Package: xcolor 2016/05/11 v2.12 LaTeX color extensions (UK)
(/usr/local/texlive/2018/texmf-dist/tex/latex/graphics-cfg/color.cfg
File: color.cfg 2016/01/02 v1.6 sample color configuration
)
Package xcolor Info: Driver file: pdftex.def on input line 225.
(/usr/local/texlive/2018/texmf-dist/tex/latex/graphics-def/pdftex.def
File: pdftex.def 2018/01/08 v1.0l Graphics/color driver for pdftex
)
Package xcolor Info: Model `cmy' substituted by `cmy0' on input line 1348.
Package xcolor Info: Model `hsb' substituted by `rgb' on input line 1352.
Package xcolor Info: Model `RGB' extended on input line 1364.
Package xcolor Info: Model `HTML' substituted by `rgb' on input line 1366.
Package xcolor Info: Model `Hsb' substituted by `hsb' on input line 1367.
Package xcolor Info: Model `tHsb' substituted by `hsb' on input line 1368.
Package xcolor Info: Model `HSB' substituted by `hsb' on input line 1369.
Package xcolor Info: Model `Gray' substituted by `gray' on input line 1370.
Package xcolor Info: Model `wave' substituted by `hsb' on input line 1371.
) (/usr/local/texlive/2018/texmf-dist/tex/latex/xurl/xurl.sty
Package: xurl 2018/01/09 v 0.03 modify URL breaks
(/usr/local/texlive/2018/texmf-dist/tex/latex/url/url.sty
\Urlmuskip=\muskip11
Package: url 2013/09/16  ver 3.4  Verb mode for urls, etc.
)) (/usr/local/texlive/2018/texmf-dist/tex/latex/oberdiek/bookmark.sty
Package: bookmark 2016/05/17 v1.26 PDF bookmarks (HO)
(/usr/local/texlive/2018/texmf-dist/tex/generic/oberdiek/pdfescape.sty
Package: pdfescape 2016/05/16 v1.14 Implements pdfTeX's escape features (HO)
(/usr/local/texlive/2018/texmf-dist/tex/generic/oberdiek/ltxcmds.sty
Package: ltxcmds 2016/05/16 v1.23 LaTeX kernel commands for general use (HO)
) (/usr/local/texlive/2018/texmf-dist/tex/generic/oberdiek/pdftexcmds.sty
Package: pdftexcmds 2018/01/30 v0.27 Utility functions of pdfTeX for LuaTeX (HO
)
(/usr/local/texlive/2018/texmf-dist/tex/generic/oberdiek/infwarerr.sty
Package: infwarerr 2016/05/16 v1.4 Providing info/warning/error messages (HO)
) (/usr/local/texlive/2018/texmf-dist/tex/generic/oberdiek/ifluatex.sty
Package: ifluatex 2016/05/16 v1.4 Provides the ifluatex switch (HO)
Package ifluatex Info: LuaTeX not detected.
) (/usr/local/texlive/2018/texmf-dist/tex/generic/oberdiek/ifpdf.sty
Package: ifpdf 2017/03/15 v3.2 Provides the ifpdf switch
)
Package pdftexcmds Info: LuaTeX not detected.
Package pdftexcmds Info: \pdf@primitive is available.
Package pdftexcmds Info: \pdf@ifprimitive is available.
Package pdftexcmds Info: \pdfdraftmode found.
)) (/usr/local/texlive/2018/texmf-dist/tex/generic/ifxetex/ifxetex.sty
Package: ifxetex 2010/09/12 v0.6 Provides ifxetex conditional
) (/usr/local/texlive/2018/texmf-dist/tex/generic/oberdiek/ifvtex.sty
Package: ifvtex 2016/05/16 v1.6 Detect VTeX and its facilities (HO)
Package ifvtex Info: VTeX not detected.
) (/usr/local/texlive/2018/texmf-dist/tex/latex/hyperref/hyperref.sty
Package: hyperref 2018/02/06 v6.86b Hypertext links for LaTeX
(/usr/local/texlive/2018/texmf-dist/tex/generic/oberdiek/hobsub-hyperref.sty
Package: hobsub-hyperref 2016/05/16 v1.14 Bundle oberdiek, subset hyperref (HO)

(/usr/local/texlive/2018/texmf-dist/tex/generic/oberdiek/hobsub-generic.sty
Package: hobsub-generic 2016/05/16 v1.14 Bundle oberdiek, subset generic (HO)
Package: hobsub 2016/05/16 v1.14 Construct package bundles (HO)
Package hobsub Info: Skipping package `infwarerr' (already loaded).
Package hobsub Info: Skipping package `ltxcmds' (already loaded).
Package hobsub Info: Skipping package `ifluatex' (already loaded).
Package hobsub Info: Skipping package `ifvtex' (already loaded).
Package: intcalc 2016/05/16 v1.2 Expandable calculations with integers (HO)
Package hobsub Info: Skipping package `ifpdf' (already loaded).
Package: etexcmds 2016/05/16 v1.6 Avoid name clashes with e-TeX commands (HO)
Package etexcmds Info: Could not find \expanded.
(etexcmds)             That can mean that you are not using pdfTeX 1.50 or
(etexcmds)             that some package has redefined \expanded.
(etexcmds)             In the latter case, load this package earlier.
Package: kvsetkeys 2016/05/16 v1.17 Key value parser (HO)
Package: kvdefinekeys 2016/05/16 v1.4 Define keys (HO)
Package hobsub Info: Skipping package `pdftexcmds' (already loaded).
Package hobsub Info: Skipping package `pdfescape' (already loaded).
Package: bigintcalc 2016/05/16 v1.4 Expandable calculations on big integers (HO
)
Package: bitset 2016/05/16 v1.2 Handle bit-vector datatype (HO)
Package: uniquecounter 2016/05/16 v1.3 Provide unlimited unique counter (HO)
)
Package hobsub Info: Skipping package `hobsub' (already loaded).
Package: letltxmacro 2016/05/16 v1.5 Let assignment for LaTeX macros (HO)
Package: hopatch 2016/05/16 v1.3 Wrapper for package hooks (HO)
Package: xcolor-patch 2016/05/16 xcolor patch
Package: atveryend 2016/05/16 v1.9 Hooks at the very end of document (HO)
Package atveryend Info: \enddocument detected (standard20110627).
Package: atbegshi 2016/06/09 v1.18 At begin shipout hook (HO)
Package: refcount 2016/05/16 v3.5 Data extraction from label references (HO)
Package: hycolor 2016/05/16 v1.8 Color options for hyperref/bookmark (HO)
) (/usr/local/texlive/2018/texmf-dist/tex/latex/oberdiek/auxhook.sty
Package: auxhook 2016/05/16 v1.4 Hooks for auxiliary files (HO)
) (/usr/local/texlive/2018/texmf-dist/tex/latex/oberdiek/kvoptions.sty
Package: kvoptions 2016/05/16 v3.12 Key value format for package options (HO)
)
\@linkdim=\dimen113
\Hy@linkcounter=\count103
\Hy@pagecounter=\count104
(/usr/local/texlive/2018/texmf-dist/tex/latex/hyperref/pd1enc.def
File: pd1enc.def 2018/02/06 v6.86b Hyperref: PDFDocEncoding definition (HO)
Now handling font encoding PD1 ...
... no UTF-8 mapping file for font encoding PD1
)
\Hy@SavedSpaceFactor=\count105
(/usr/local/texlive/2018/texmf-dist/tex/latex/latexconfig/hyperref.cfg
File: hyperref.cfg 2002/06/06 v1.2 hyperref configuration of TeXLive
)
Package hyperref Info: Option `unicode' set `true' on input line 4383.
(/usr/local/texlive/2018/texmf-dist/tex/latex/hyperref/puenc.def
File: puenc.def 2018/02/06 v6.86b Hyperref: PDF Unicode definition (HO)
Now handling font encoding PU ...
... no UTF-8 mapping file for font encoding PU
)
Package hyperref Info: Hyper figures OFF on input line 4509.
Package hyperref Info: Link nesting OFF on input line 4514.
Package hyperref Info: Hyper index ON on input line 4517.
Package hyperref Info: Plain pages OFF on input line 4524.
Package hyperref Info: Backreferencing OFF on input line 4529.
Package hyperref Info: Implicit mode ON; LaTeX internals redefined.
Package hyperref Info: Bookmarks ON on input line 4762.
\c@Hy@tempcnt=\count106
LaTeX Info: Redefining \url on input line 5115.
\XeTeXLinkMargin=\dimen114
\Fld@menulength=\count107
\Field@Width=\dimen115
\Fld@charsize=\dimen116
Package hyperref Info: Hyper figures OFF on input line 6369.
Package hyperref Info: Link nesting OFF on input line 6374.
Package hyperref Info: Hyper index ON on input line 6377.
Package hyperref Info: backreferencing OFF on input line 6384.
Package hyperref Info: Link coloring OFF on input line 6389.
Package hyperref Info: Link coloring with OCG OFF on input line 6394.
Package hyperref Info: PDF/A mode OFF on input line 6399.
LaTeX Info: Redefining \ref on input line 6439.
LaTeX Info: Redefining \pageref on input line 6443.
\Hy@abspage=\count108
\c@Item=\count109
\c@Hfootnote=\count110
)
Package hyperref Info: Driver (autodetected): hpdftex.
(/usr/local/texlive/2018/texmf-dist/tex/latex/hyperref/hpdftex.def
File: hpdftex.def 2018/02/06 v6.86b Hyperref driver for pdfTeX
\Fld@listcount=\count111
\c@bookmark@seq@number=\count112
(/usr/local/texlive/2018/texmf-dist/tex/latex/oberdiek/rerunfilecheck.sty
Package: rerunfilecheck 2016/05/16 v1.8 Rerun checks for auxiliary files (HO)
Package uniquecounter Info: New unique counter `rerunfilecheck' on input line 2
82.
)
\Hy@SectionHShift=\skip61
) (/usr/local/texlive/2018/texmf-dist/tex/latex/oberdiek/bkm-pdftex.def
File: bkm-pdftex.def 2016/05/17 v1.26 bookmark driver for pdfTeX (HO)
\BKM@id=\count113
)) (/usr/local/texlive/2018/texmf-dist/tex/latex/fancyvrb/fancyvrb.sty
Package: fancyvrb 2008/02/07

Style option: `fancyvrb' v2.7a, with DG/SPQR fixes, and firstline=lastline fix 
<2008/02/07> (tvz)
\FV@CodeLineNo=\count114
\FV@InFile=\read1
\FV@TabBox=\box30
\c@FancyVerbLine=\count115
\FV@StepNumber=\count116
\FV@OutFile=\write3
) (/usr/local/texlive/2018/texmf-dist/tex/latex/tools/longtable.sty
Package: longtable 2014/10/28 v4.11 Multi-page Table package (DPC)
\LTleft=\skip62
\LTright=\skip63
\LTpre=\skip64
\LTpost=\skip65
\LTchunksize=\count117
\LTcapwidth=\dimen117
\LT@head=\box31
\LT@firsthead=\box32
\LT@foot=\box33
\LT@lastfoot=\box34
\LT@cols=\count118
\LT@rows=\count119
\c@LT@tables=\count120
\c@LT@chunks=\count121
\LT@p@ftn=\toks23
)
Class scrartcl Info: longtable captions redefined on input line 87.
(/usr/local/texlive/2018/texmf-dist/tex/latex/booktabs/booktabs.sty
Package: booktabs 2016/04/27 v1.618033 publication quality tables
\heavyrulewidth=\dimen118
\lightrulewidth=\dimen119
\cmidrulewidth=\dimen120
\belowrulesep=\dimen121
\belowbottomsep=\dimen122
\aboverulesep=\dimen123
\abovetopsep=\dimen124
\cmidrulesep=\dimen125
\cmidrulekern=\dimen126
\defaultaddspace=\dimen127
\@cmidla=\count122
\@cmidlb=\count123
\@aboverulesep=\dimen128
\@belowrulesep=\dimen129
\@thisruleclass=\count124
\@lastruleclass=\count125
\@thisrulewidth=\dimen130
) (/usr/local/texlive/2018/texmf-dist/tex/latex/tools/array.sty
Package: array 2018/04/07 v2.4g Tabular extension package (FMi)
\col@sep=\dimen131
\ar@mcellbox=\box35
\extrarowheight=\dimen132
\NC@list=\toks24
\extratabsurround=\skip66
\backup@length=\skip67
\ar@cellbox=\box36
) (/usr/local/texlive/2018/texmf-dist/tex/latex/tools/calc.sty
Package: calc 2017/05/25 v4.3 Infix arithmetic (KKT,FJ)
\calc@Acount=\count126
\calc@Bcount=\count127
\calc@Adimen=\dimen133
\calc@Bdimen=\dimen134
\calc@Askip=\skip68
\calc@Bskip=\skip69
LaTeX Info: Redefining \setlength on input line 80.
LaTeX Info: Redefining \addtolength on input line 81.
\calc@Ccount=\count128
\calc@Cskip=\skip70
) (/usr/local/texlive/2018/texmf-dist/tex/latex/etoolbox/etoolbox.sty
Package: etoolbox 2018/02/11 v2.5e e-TeX tools for LaTeX (JAW)
\etb@tempcnta=\count129
) (/usr/local/texlive/2018/texmf-dist/tex/latex/footnotehyper/footnotehyper.sty
Package: footnotehyper 2018/01/23 v1.1 hyperref aware footnote.sty (JFB)
\FNH@notes=\box37
\FNH@width=\dimen135
) (/usr/local/texlive/2018/texmf-dist/tex/latex/graphics/graphicx.sty
Package: graphicx 2017/06/01 v1.1a Enhanced LaTeX Graphics (DPC,SPQR)
(/usr/local/texlive/2018/texmf-dist/tex/latex/graphics/graphics.sty
Package: graphics 2017/06/25 v1.2c Standard LaTeX Graphics (DPC,SPQR)
(/usr/local/texlive/2018/texmf-dist/tex/latex/graphics/trig.sty
Package: trig 2016/01/03 v1.10 sin cos tan (DPC)
) (/usr/local/texlive/2018/texmf-dist/tex/latex/graphics-cfg/graphics.cfg
File: graphics.cfg 2016/06/04 v1.11 sample graphics configuration
)
Package graphics Info: Driver file: pdftex.def on input line 99.
)
\Gin@req@height=\dimen136
\Gin@req@width=\dimen137
) (/usr/local/texlive/2018/texmf-dist/tex/latex/caption/caption.sty
Package: caption 2016/02/21 v3.3-144 Customizing captions (AR)
(/usr/local/texlive/2018/texmf-dist/tex/latex/caption/caption3.sty
Package: caption3 2016/05/22 v1.7-166 caption3 kernel (AR)
Package caption3 Info: TeX engine: e-TeX on input line 67.
\captionmargin=\dimen138
\captionmargin@=\dimen139
\captionwidth=\dimen140
\caption@tempdima=\dimen141
\caption@indent=\dimen142
\caption@parindent=\dimen143
\caption@hangindent=\dimen144
)
Package caption Info: KOMA-Script document class.
\c@ContinuedFloat=\count130
Package caption Info: hyperref package is loaded.
Package caption Info: longtable package is loaded.
(/usr/local/texlive/2018/texmf-dist/tex/latex/caption/ltcaption.sty
Package: ltcaption 2013/06/09 v1.4-94 longtable captions (AR)
)) (/usr/local/texlive/2018/texmf-dist/tex/latex/float/float.sty
Package: float 2001/11/08 v1.3d Float enhancements (AL)
\c@float@type=\count131
\float@exts=\toks25
\float@box=\box38
\@float@everytoks=\toks26
\@floatcapt=\box39
)
\@float@every@codelisting=\toks27
\c@codelisting=\count132
(/usr/local/texlive/2018/texmf-dist/tex/latex/subfig/subfig.sty
Package: subfig 2005/06/28 ver: 1.3 subfig package
\c@KVtest=\count133
\sf@farskip=\skip71
\sf@captopadj=\dimen145
\sf@capskip=\skip72
\sf@nearskip=\skip73
\c@subfigure=\count134
\c@subfigure@save=\count135
\c@lofdepth=\count136
\c@subtable=\count137
\c@subtable@save=\count138
\c@lotdepth=\count139
\sf@top=\skip74
\sf@bottom=\skip75
)
No file Navigate_CMR_STAC.aux.
\openout1 = `Navigate_CMR_STAC.aux'.

LaTeX Font Info:    Checking defaults for OML/cmm/m/it on input line 139.
LaTeX Font Info:    ... okay on input line 139.
LaTeX Font Info:    Checking defaults for T1/cmr/m/n on input line 139.
LaTeX Font Info:    ... okay on input line 139.
LaTeX Font Info:    Checking defaults for OT1/cmr/m/n on input line 139.
LaTeX Font Info:    ... okay on input line 139.
LaTeX Font Info:    Checking defaults for OMS/cmsy/m/n on input line 139.
LaTeX Font Info:    ... okay on input line 139.
LaTeX Font Info:    Checking defaults for OMX/cmex/m/n on input line 139.
LaTeX Font Info:    ... okay on input line 139.
LaTeX Font Info:    Checking defaults for U/cmr/m/n on input line 139.
LaTeX Font Info:    ... okay on input line 139.
LaTeX Font Info:    Checking defaults for TS1/cmr/m/n on input line 139.
LaTeX Font Info:    Try loading font information for TS1+cmr on input line 139.

(/usr/local/texlive/2018/texmf-dist/tex/latex/base/ts1cmr.fd
File: ts1cmr.fd 2014/09/29 v2.5h Standard LaTeX font definitions
)
LaTeX Font Info:    ... okay on input line 139.
LaTeX Font Info:    Checking defaults for PD1/pdf/m/n on input line 139.
LaTeX Font Info:    ... okay on input line 139.
LaTeX Font Info:    Checking defaults for PU/pdf/m/n on input line 139.
LaTeX Font Info:    ... okay on input line 139.
LaTeX Font Info:    Try loading font information for T1+lmr on input line 139.
(/usr/local/texlive/2018/texmf-dist/tex/latex/lm/t1lmr.fd
File: t1lmr.fd 2009/10/30 v1.6 Font defs for Latin Modern
)
LaTeX Info: Redefining \microtypecontext on input line 139.
Package microtype Info: Generating PDF output.
Package microtype Info: Character protrusion enabled (level 2).
Package microtype Info: Using protrusion set `basicmath'.
Package microtype Info: Automatic font expansion enabled (level 2),
(microtype)             stretch: 20, shrink: 20, step: 1, non-selected.
Package microtype Info: Using default expansion set `basictext'.
Package microtype Info: No adjustment of tracking.
Package microtype Info: No adjustment of interword spacing.
Package microtype Info: No adjustment of character kerning.
(/usr/local/texlive/2018/texmf-dist/tex/latex/microtype/mt-cmr.cfg
File: mt-cmr.cfg 2013/05/19 v2.2 microtype config. file: Computer Modern Roman 
(RS)
) (/usr/local/texlive/2018/texmf-dist/tex/context/base/mkii/supp-pdf.mkii
[Loading MPS to PDF converter (version 2006.09.02).]
\scratchcounter=\count140
\scratchdimen=\dimen146
\scratchbox=\box40
\nofMPsegments=\count141
\nofMParguments=\count142
\everyMPshowfont=\toks28
\MPscratchCnt=\count143
\MPscratchDim=\dimen147
\MPnumerator=\count144
\makeMPintoPDFobject=\count145
\everyMPtoPDFconversion=\toks29
) (/usr/local/texlive/2018/texmf-dist/tex/latex/oberdiek/epstopdf-base.sty
Package: epstopdf-base 2016/05/15 v2.6 Base part for package epstopdf
(/usr/local/texlive/2018/texmf-dist/tex/latex/oberdiek/grfext.sty
Package: grfext 2016/05/16 v1.2 Manage graphics extensions (HO)
)
Package epstopdf-base Info: Redefining graphics rule for `.eps' on input line 4
38.
Package grfext Info: Graphics extension search list:
(grfext)             [.pdf,.png,.jpg,.mps,.jpeg,.jbig2,.jb2,.PDF,.PNG,.JPG,.JPE
G,.JBIG2,.JB2,.eps]
(grfext)             \AppendGraphicsExtensions on input line 456.
(/usr/local/texlive/2018/texmf-dist/tex/latex/latexconfig/epstopdf-sys.cfg
File: epstopdf-sys.cfg 2010/07/13 v1.3 Configuration of (r)epstopdf for TeX Liv
e
))
\AtBeginShipoutBox=\box41
Package hyperref Info: Link coloring OFF on input line 139.
(/usr/local/texlive/2018/texmf-dist/tex/latex/hyperref/nameref.sty
Package: nameref 2016/05/21 v2.44 Cross-referencing by name of section
(/usr/local/texlive/2018/texmf-dist/tex/generic/oberdiek/gettitlestring.sty
Package: gettitlestring 2016/05/16 v1.5 Cleanup title references (HO)
)
\c@section@level=\count146
)
LaTeX Info: Redefining \ref on input line 139.
LaTeX Info: Redefining \pageref on input line 139.
LaTeX Info: Redefining \nameref on input line 139.
Package caption Info: Begin \AtBeginDocument code.
Package caption Info: subfig package v1.3 is loaded.
Package caption Info: float package is loaded.
Package caption Info: End \AtBeginDocument code.
LaTeX Font Info:    Try loading font information for T1+lmss on input line 141.

(/usr/local/texlive/2018/texmf-dist/tex/latex/lm/t1lmss.fd
File: t1lmss.fd 2009/10/30 v1.6 Font defs for Latin Modern
)
Package microtype Info: Loading generic protrusion settings for font family
(microtype)             `lmss' (encoding: T1).
(microtype)             For optimal results, create family-specific settings.
(microtype)             See the microtype manual for details.
LaTeX Font Info:    Try loading font information for OT1+lmr on input line 141.

(/usr/local/texlive/2018/texmf-dist/tex/latex/lm/ot1lmr.fd
File: ot1lmr.fd 2009/10/30 v1.6 Font defs for Latin Modern
)
LaTeX Font Info:    Try loading font information for OML+lmm on input line 141.

(/usr/local/texlive/2018/texmf-dist/tex/latex/lm/omllmm.fd
File: omllmm.fd 2009/10/30 v1.6 Font defs for Latin Modern
)
LaTeX Font Info:    Try loading font information for OMS+lmsy on input line 141
.
(/usr/local/texlive/2018/texmf-dist/tex/latex/lm/omslmsy.fd
File: omslmsy.fd 2009/10/30 v1.6 Font defs for Latin Modern
)
LaTeX Font Info:    Try loading font information for OMX+lmex on input line 141
.
(/usr/local/texlive/2018/texmf-dist/tex/latex/lm/omxlmex.fd
File: omxlmex.fd 2009/10/30 v1.6 Font defs for Latin Modern
)
LaTeX Font Info:    External font `lmex10' loaded for size
(Font)              <14.4> on input line 141.
LaTeX Font Info:    External font `lmex10' loaded for size
(Font)              <10> on input line 141.
LaTeX Font Info:    External font `lmex10' loaded for size
(Font)              <7> on input line 141.
LaTeX Font Info:    Try loading font information for U+msa on input line 141.
(/usr/local/texlive/2018/texmf-dist/tex/latex/amsfonts/umsa.fd
File: umsa.fd 2013/01/14 v3.01 AMS symbols A
) (/usr/local/texlive/2018/texmf-dist/tex/latex/microtype/mt-msa.cfg
File: mt-msa.cfg 2006/02/04 v1.1 microtype config. file: AMS symbols (a) (RS)
)
LaTeX Font Info:    Try loading font information for U+msb on input line 141.
(/usr/local/texlive/2018/texmf-dist/tex/latex/amsfonts/umsb.fd
File: umsb.fd 2013/01/14 v3.01 AMS symbols B
) (/usr/local/texlive/2018/texmf-dist/tex/latex/microtype/mt-msb.cfg
File: mt-msb.cfg 2005/06/01 v1.0 microtype config. file: AMS symbols (b) (RS)
)
Package tocbasic Info: character protrusion at toc deactivated on input line 14
4.
\tf@toc=\write4
\openout4 = `Navigate_CMR_STAC.toc'.

LaTeX Font Info:    Try loading font information for T1+lmtt on input line 186.

(/usr/local/texlive/2018/texmf-dist/tex/latex/lm/t1lmtt.fd
File: t1lmtt.fd 2009/10/30 v1.6 Font defs for Latin Modern
)
LaTeX Font Info:    Font shape `T1/lmtt/bx/n' in size <10.95> not available
(Font)              Font shape `T1/lmtt/b/n' tried instead on input line 186.
LaTeX Font Info:    Try loading font information for TS1+lmtt on input line 190
.
(/usr/local/texlive/2018/texmf-dist/tex/latex/lm/ts1lmtt.fd
File: ts1lmtt.fd 2009/10/30 v1.6 Font defs for Latin Modern
) [1


{/usr/local/texlive/2018/texmf-var/fonts/map/pdftex/updmap/pdftex.map}]
Overfull \hbox (476.7919pt too wide) in paragraph at lines 215--215
[]\T1/lmtt/m/n/10.95 You are now using the stac API (STAC Version: 1.0.0-beta.2
). This is the landing page for CMR-STAC. Each provider link contains a STAC en
dpoint.[] 
 []

[2]
Overfull \hbox (8662.98843pt too wide) in paragraph at lines 252--252
[]\T1/lmtt/m/n/10.95 links: [{\TS1/lmtt/m/n/10.95 '\T1/lmtt/m/n/10.95 rel\TS1/l
mtt/m/n/10.95 '\T1/lmtt/m/n/10.95 : \TS1/lmtt/m/n/10.95 '\T1/lmtt/m/n/10.95 sel
f\TS1/lmtt/m/n/10.95 '\T1/lmtt/m/n/10.95 , \TS1/lmtt/m/n/10.95 '\T1/lmtt/m/n/10
.95 href\TS1/lmtt/m/n/10.95 '\T1/lmtt/m/n/10.95 : \TS1/lmtt/m/n/10.95 '\T1/lmtt
/m/n/10.95 https://cmr.earthdata.nasa.gov/stac/LPCLOUD\TS1/lmtt/m/n/10.95 '\T1/
lmtt/m/n/10.95 , \TS1/lmtt/m/n/10.95 '\T1/lmtt/m/n/10.95 title\TS1/lmtt/m/n/10.
95 '\T1/lmtt/m/n/10.95 : \TS1/lmtt/m/n/10.95 '\T1/lmtt/m/n/10.95 Provider catal
og\TS1/lmtt/m/n/10.95 '\T1/lmtt/m/n/10.95 , \TS1/lmtt/m/n/10.95 '\T1/lmtt/m/n/1
0.95 type\TS1/lmtt/m/n/10.95 '\T1/lmtt/m/n/10.95 : \TS1/lmtt/m/n/10.95 '\T1/lmt
t/m/n/10.95 application/json\TS1/lmtt/m/n/10.95 '\T1/lmtt/m/n/10.95 }, {\TS1/lm
tt/m/n/10.95 '\T1/lmtt/m/n/10.95 rel\TS1/lmtt/m/n/10.95 '\T1/lmtt/m/n/10.95 : \
TS1/lmtt/m/n/10.95 '\T1/lmtt/m/n/10.95 root\TS1/lmtt/m/n/10.95 '\T1/lmtt/m/n/10
.95 , \TS1/lmtt/m/n/10.95 '\T1/lmtt/m/n/10.95 href\TS1/lmtt/m/n/10.95 '\T1/lmtt
/m/n/10.95 : \TS1/lmtt/m/n/10.95 '\T1/lmtt/m/n/10.95 https://cmr.earthdata.nasa
.gov/stac/\TS1/lmtt/m/n/10.95 '\T1/lmtt/m/n/10.95 , \TS1/lmtt/m/n/10.95 '\T1/lm
tt/m/n/10.95 title\TS1/lmtt/m/n/10.95 '\T1/lmtt/m/n/10.95 : \TS1/lmtt/m/n/10.95
 '\T1/lmtt/m/n/10.95 Root catalog\TS1/lmtt/m/n/10.95 '\T1/lmtt/m/n/10.95 , \TS1
/lmtt/m/n/10.95 '\T1/lmtt/m/n/10.95 type\TS1/lmtt/m/n/10.95 '\T1/lmtt/m/n/10.95
 : \TS1/lmtt/m/n/10.95 '\T1/lmtt/m/n/10.95 application/json\TS1/lmtt/m/n/10.95 
'\T1/lmtt/m/n/10.95 }, {\TS1/lmtt/m/n/10.95 '\T1/lmtt/m/n/10.95 rel\TS1/lmtt/m/
n/10.95 '\T1/lmtt/m/n/10.95 : \TS1/lmtt/m/n/10.95 '\T1/lmtt/m/n/10.95 collectio
ns\TS1/lmtt/m/n/10.95 '\T1/lmtt/m/n/10.95 , \TS1/lmtt/m/n/10.95 '\T1/lmtt/m/n/1
0.95 href\TS1/lmtt/m/n/10.95 '\T1/lmtt/m/n/10.95 : \TS1/lmtt/m/n/10.95 '\T1/lmt
t/m/n/10.95 https://cmr.earthdata.nasa.gov/stac/LPCLOUD/collections\TS1/lmtt/m/
n/10.95 '\T1/lmtt/m/n/10.95 , \TS1/lmtt/m/n/10.95 '\T1/lmtt/m/n/10.95 title\TS1
/lmtt/m/n/10.95 '\T1/lmtt/m/n/10.95 : \TS1/lmtt/m/n/10.95 '\T1/lmtt/m/n/10.95 P
rovider Collections\TS1/lmtt/m/n/10.95 '\T1/lmtt/m/n/10.95 , \TS1/lmtt/m/n/10.9
5 '\T1/lmtt/m/n/10.95 type\TS1/lmtt/m/n/10.95 '\T1/lmtt/m/n/10.95 : \TS1/lmtt/m
/n/10.95 '\T1/lmtt/m/n/10.95 application/json\TS1/lmtt/m/n/10.95 '\T1/lmtt/m/n/
10.95 }, {\TS1/lmtt/m/n/10.95 '\T1/lmtt/m/n/10.95 rel\TS1/lmtt/m/n/10.95 '\T1/l
mtt/m/n/10.95 : \TS1/lmtt/m/n/10.95 '\T1/lmtt/m/n/10.95 search\TS1/lmtt/m/n/10.
95 '\T1/lmtt/m/n/10.95 , \TS1/lmtt/m/n/10.95 '\T1/lmtt/m/n/10.95 href\TS1/lmtt/
m/n/10.95 '\T1/lmtt/m/n/10.95 : \TS1/lmtt/m/n/10.95 '\T1/lmtt/m/n/10.95 https:/
/cmr.earthdata.nasa.gov/stac/LPCLOUD/search\TS1/lmtt/m/n/10.95 '\T1/lmtt/m/n/10
.95 , \TS1/lmtt/m/n/10.95 '\T1/lmtt/m/n/10.95 title\TS1/lmtt/m/n/10.95 '\T1/lmt
t/m/n/10.95 : \TS1/lmtt/m/n/10.95 '\T1/lmtt/m/n/10.95 Provider Item Search\TS1/
lmtt/m/n/10.95 '\T1/lmtt/m/n/10.95 , \TS1/lmtt/m/n/10.95 '\T1/lmtt/m/n/10.95 ty
pe\TS1/lmtt/m/n/10.95 '\T1/lmtt/m/n/10.95 : \TS1/lmtt/m/n/10.95 '\T1/lmtt/m/n/1
0.95 application/geo+json\TS1/lmtt/m/n/10.95 '\T1/lmtt/m/n/10.95 , \TS1/lmtt/m/
n/10.95 '\T1/lmtt/m/n/10.95 method\TS1/lmtt/m/n/10.95 '\T1/lmtt/m/n/10.95 : \TS
1/lmtt/m/n/10.95 '\T1/lmtt/m/n/10.95 GET\TS1/lmtt/m/n/10.95 '\T1/lmtt/m/n/10.95
 }, {\TS1/lmtt/m/n/10.95 '\T1/lmtt/m/n/10.95 rel\TS1/lmtt/m/n/10.95 '\T1/lmtt/m
/n/10.95 : \TS1/lmtt/m/n/10.95 '\T1/lmtt/m/n/10.95 search\TS1/lmtt/m/n/10.95 '\
T1/lmtt/m/n/10.95 , \TS1/lmtt/m/n/10.95 '\T1/lmtt/m/n/10.95 href\TS1/lmtt/m/n/1
0.95 '\T1/lmtt/m/n/10.95 : \TS1/lmtt/m/n/10.95 '\T1/lmtt/m/n/10.95 https://cmr.
earthdata.nasa.gov/stac/LPCLOUD/search\TS1/lmtt/m/n/10.95 '\T1/lmtt/m/n/10.95 ,
 \TS1/lmtt/m/n/10.95 '\T1/lmtt/m/n/10.95 title\TS1/lmtt/m/n/10.95 '\T1/lmtt/m/n
/10.95 : \TS1/lmtt/m/n/10.95 '\T1/lmtt/m/n/10.95 Provider Item Search\TS1/lmtt/
m/n/10.95 '\T1/lmtt/m/n/10.95 , \TS1/lmtt/m/n/10.95 '\T1/lmtt/m/n/10.95 type\TS
1/lmtt/m/n/10.95 '\T1/lmtt/m/n/10.95 : \TS1/lmtt/m/n/10.95 '\T1/lmtt/m/n/10.95 
application/geo+json\TS1/lmtt/m/n/10.95 '\T1/lmtt/m/n/10.95 , \TS1/lmtt/m/n/10.
95 '\T1/lmtt/m/n/10.95 method\TS1/lmtt/m/n/10.95 '\T1/lmtt/m/n/10.95 : \TS1/lmt
t/m/n/10.95 '\T1/lmtt/m/n/10.95 POST\TS1/lmtt/m/n/10.95 '\T1/lmtt/m/n/10.95 }, 
{\TS1/lmtt/m/n/10.95 '\T1/lmtt/m/n/10.95 rel\TS1/lmtt/m/n/10.95 '\T1/lmtt/m/n/1
0.95 : \TS1/lmtt/m/n/10.95 '\T1/lmtt/m/n/10.95 conformance\TS1/lmtt/m/n/10.95 '
\T1/lmtt/m/n/10.95 , \TS1/lmtt/m/n/10.95 '\T1/lmtt/m/n/10.95 href\TS1/lmtt/m/n/
10.95 '\T1/lmtt/m/n/10.95 : \TS1/lmtt/m/n/10.95 '\T1/lmtt/m/n/10.95 https://cmr
.earthdata.nasa.gov/stac/LPCLOUD/conformance\TS1/lmtt/m/n/10.95 '\T1/lmtt/m/n/1
0.95 , \TS1/lmtt/m/n/10.95 '\T1/lmtt/m/n/10.95 title\TS1/lmtt/m/n/10.95 '\T1/lm
tt/m/n/10.95 : \TS1/lmtt/m/n/10.95 '\T1/lmtt/m/n/10.95 Conformance Classes\TS1/
lmtt/m/n/10.95 '\T1/lmtt/m/n/10.95 , \TS1/lmtt/m/n/10.95 '\T1/lmtt/m/n/10.95 ty
pe\TS1/lmtt/m/n/10.95 '\T1/lmtt/m/n/10.95 : \TS1/lmtt/m/n/10.95 '\T1/lmtt/m/n/1
0.95 application/geo+json\TS1/lmtt/m/n/10.95 '\T1/lmtt/m/n/10.95 }, {\TS1/lmtt/
m/n/10.95 '\T1/lmtt/m/n/10.95 rel\TS1/lmtt/m/n/10.95 '\T1/lmtt/m/n/10.95 : \TS1
/lmtt/m/n/10.95 '\T1/lmtt/m/n/10.95 service-desc\TS1/lmtt/m/n/10.95 '\T1/lmtt/m
/n/10.95 , \TS1/lmtt/m/n/10.95 '\T1/lmtt/m/n/10.95 href\TS1/lmtt/m/n/10.95 '\T1
/lmtt/m/n/10.95 : \TS1/lmtt/m/n/10.95 '\T1/lmtt/m/n/10.95 https://api.stacspec.
org/v1.0.0-beta.1/openapi.yaml\TS1/lmtt/m/n/10.95 '\T1/lmtt/m/n/10.95 , \TS1/lm
tt/m/n/10.95 '\T1/lmtt/m/n/10.95 title\TS1/lmtt/m/n/10.95 '\T1/lmtt/m/n/10.95 :
 \TS1/lmtt/m/n/10.95 '\T1/lmtt/m/n/10.95 OpenAPI Doc\TS1/lmtt/m/n/10.95 '\T1/lm
tt/m/n/10.95 , \TS1/lmtt/m/n/10.95 '\T1/lmtt/m/n/10.95 type\TS1/lmtt/m/n/10.95 
'\T1/lmtt/m/n/10.95 : \TS1/lmtt/m/n/10.95 '\T1/lmtt/m/n/10.95 application/vnd.o
ai.openapi+json;version=3.0\TS1/lmtt/m/n/10.95 '\T1/lmtt/m/n/10.95 }, {\TS1/lmt
t/m/n/10.95 '\T1/lmtt/m/n/10.95 rel\TS1/lmtt/m/n/10.95 '\T1/lmtt/m/n/10.95 : \T
S1/lmtt/m/n/10.95 '\T1/lmtt/m/n/10.95 service-doc\TS1/lmtt/m/n/10.95 '\T1/lmtt/
m/n/10.95 , \TS1/lmtt/m/n/10.95 '\T1/lmtt/m/n/10.95 href\TS1/lmtt/m/n/10.95 '\T
1/lmtt/m/n/10.95 : \TS1/lmtt/m/n/10.95 '\T1/lmtt/m/n/10.95 https://api.stacspec
.org/v1.0.0-beta.1/index.html\TS1/lmtt/m/n/10.95 '\T1/lmtt/m/n/10.95 , \TS1/lmt
t/m/n/10.95 '\T1/lmtt/m/n/10.95 title\TS1/lmtt/m/n/10.95 '\T1/lmtt/m/n/10.95 : 
\TS1/lmtt/m/n/10.95 '\T1/lmtt/m/n/10.95 HTML documentation\TS1/lmtt/m/n/10.95 '
\T1/lmtt/m/n/10.95 , \TS1/lmtt/m/n/10.95 '\T1/lmtt/m/n/10.95 type\TS1/lmtt/m/n/
10.95 '\T1/lmtt/m/n/10.95 : \TS1/lmtt/m/n/10.95 '\T1/lmtt/m/n/10.95 text/html\T
S1/lmtt/m/n/10.95 '\T1/lmtt/m/n/10.95 }, {\TS1/lmtt/m/n/10.95 '\T1/lmtt/m/n/10.
95 rel\TS1/lmtt/m/n/10.95 '\T1/lmtt/m/n/10.95 : \TS1/lmtt/m/n/10.95 '\T1/lmtt/m
/n/10.95 child\TS1/lmtt/m/n/10.95 '\T1/lmtt/m/n/10.95 , \TS1/lmtt/m/n/10.95 '\T
1/lmtt/m/n/10.95 href\TS1/lmtt/m/n/10.95 '\T1/lmtt/m/n/10.95 : \TS1/lmtt/m/n/10
.95 '\T1/lmtt/m/n/10.95 https://cmr.earthdata.nasa.gov/stac/LPCLOUD/collections
/ASTGTM.v003\TS1/lmtt/m/n/10.95 '\T1/lmtt/m/n/10.95 , \TS1/lmtt/m/n/10.95 '\T1/
lmtt/m/n/10.95 type\TS1/lmtt/m/n/10.95 '\T1/lmtt/m/n/10.95 : \TS1/lmtt/m/n/10.9
5 '\T1/lmtt/m/n/10.95 application/json\TS1/lmtt/m/n/10.95 '\T1/lmtt/m/n/10.95 }
, {\TS1/lmtt/m/n/10.95 '\T1/lmtt/m/n/10.95 rel\TS1/lmtt/m/n/10.95 '\T1/lmtt/m/n
/10.95 : \TS1/lmtt/m/n/10.95 '\T1/lmtt/m/n/10.95 child\TS1/lmtt/m/n/10.95 '\T1/
lmtt/m/n/10.95 , \TS1/lmtt/m/n/10.95 '\T1/lmtt/m/n/10.95 href\TS1/lmtt/m/n/10.9
5 '\T1/lmtt/m/n/10.95 : \TS1/lmtt/m/n/10.95 '\T1/lmtt/m/n/10.95 https://cmr.ear
thdata.nasa.gov/stac/LPCLOUD/collections/HLSL30.v1.5\TS1/lmtt/m/n/10.95 '\T1/lm
tt/m/n/10.95 , \TS1/lmtt/m/n/10.95 '\T1/lmtt/m/n/10.95 type\TS1/lmtt/m/n/10.95 
'\T1/lmtt/m/n/10.95 : \TS1/lmtt/m/n/10.95 '\T1/lmtt/m/n/10.95 application/json\
TS1/lmtt/m/n/10.95 '\T1/lmtt/m/n/10.95 }, {\TS1/lmtt/m/n/10.95 '\T1/lmtt/m/n/10
.95 rel\TS1/lmtt/m/n/10.95 '\T1/lmtt/m/n/10.95 : \TS1/lmtt/m/n/10.95 '\T1/lmtt/
m/n/10.95 child\TS1/lmtt/m/n/10.95 '\T1/lmtt/m/n/10.95 , \TS1/lmtt/m/n/10.95 '\
T1/lmtt/m/n/10.95 href\TS1/lmtt/m/n/10.95 '\T1/lmtt/m/n/10.95 : \TS1/lmtt/m/n/1
0.95 '\T1/lmtt/m/n/10.95 https://cmr.earthdata.nasa.gov/stac/LPCLOUD/collection
s/HLSS30.v1.5\TS1/lmtt/m/n/10.95 '\T1/lmtt/m/n/10.95 , \TS1/lmtt/m/n/10.95 '\T1
/lmtt/m/n/10.95 type\TS1/lmtt/m/n/10.95 '\T1/lmtt/m/n/10.95 : \TS1/lmtt/m/n/10.
95 '\T1/lmtt/m/n/10.95 application/json\TS1/lmtt/m/n/10.95 '\T1/lmtt/m/n/10.95 
}][] 
 []


Overfull \hbox (2799.28024pt too wide) in paragraph at lines 252--252
[]\T1/lmtt/m/n/10.95 conformsTo: [\TS1/lmtt/m/n/10.95 '\T1/lmtt/m/n/10.95 https
://api.stacspec.org/v1.0.0-beta.1/core\TS1/lmtt/m/n/10.95 '\T1/lmtt/m/n/10.95 ,
 \TS1/lmtt/m/n/10.95 '\T1/lmtt/m/n/10.95 https://api.stacspec.org/v1.0.0-beta.1
/item-search\TS1/lmtt/m/n/10.95 '\T1/lmtt/m/n/10.95 , \TS1/lmtt/m/n/10.95 '\T1/
lmtt/m/n/10.95 https://api.stacspec.org/v1.0.0-beta.1/item-search#fields\TS1/lm
tt/m/n/10.95 '\T1/lmtt/m/n/10.95 , \TS1/lmtt/m/n/10.95 '\T1/lmtt/m/n/10.95 http
s://api.stacspec.org/v1.0.0-beta.1/item-search#query\TS1/lmtt/m/n/10.95 '\T1/lm
tt/m/n/10.95 , \TS1/lmtt/m/n/10.95 '\T1/lmtt/m/n/10.95 https://api.stacspec.org
/v1.0.0-beta.1/item-search#sort\TS1/lmtt/m/n/10.95 '\T1/lmtt/m/n/10.95 , \TS1/l
mtt/m/n/10.95 '\T1/lmtt/m/n/10.95 https://api.stacspec.org/v1.0.0-beta.1/item-s
earch#context\TS1/lmtt/m/n/10.95 '\T1/lmtt/m/n/10.95 , \TS1/lmtt/m/n/10.95 '\T1
/lmtt/m/n/10.95 http://www.opengis.net/spec/ogcapi-features-1/1.0/conf/core\TS1
/lmtt/m/n/10.95 '\T1/lmtt/m/n/10.95 , \TS1/lmtt/m/n/10.95 '\T1/lmtt/m/n/10.95 h
ttp://www.opengis.net/spec/ogcapi-features-1/1.0/conf/oas30\TS1/lmtt/m/n/10.95 
'\T1/lmtt/m/n/10.95 , \TS1/lmtt/m/n/10.95 '\T1/lmtt/m/n/10.95 http://www.opengi
s.net/spec/ogcapi-features-1/1.0/conf/geojson\TS1/lmtt/m/n/10.95 '\T1/lmtt/m/n/
10.95 ][] 
 []


Overfull \hbox (34.13942pt too wide) in paragraph at lines 281--281
[]\T1/lmtt/m/n/10.95 https://cmr.earthdata.nasa.gov/stac/LPCLOUD is the Provide
r catalog[] 
 []

[3]
Overfull \hbox (126.11916pt too wide) in paragraph at lines 281--281
[]\T1/lmtt/m/n/10.95 https://cmr.earthdata.nasa.gov/stac/LPCLOUD/collections is
 the Provider Collections[] 
 []


Overfull \hbox (97.37549pt too wide) in paragraph at lines 281--281
[]\T1/lmtt/m/n/10.95 https://cmr.earthdata.nasa.gov/stac/LPCLOUD/search is the 
Provider Item Search[] 
 []


Overfull \hbox (97.37549pt too wide) in paragraph at lines 281--281
[]\T1/lmtt/m/n/10.95 https://cmr.earthdata.nasa.gov/stac/LPCLOUD/search is the 
Provider Item Search[] 
 []


Overfull \hbox (120.37042pt too wide) in paragraph at lines 281--281
[]\T1/lmtt/m/n/10.95 https://cmr.earthdata.nasa.gov/stac/LPCLOUD/conformance is
 the Conformance Classes[] 
 []


Overfull \hbox (51.38562pt too wide) in paragraph at lines 281--281
[]\T1/lmtt/m/n/10.95 https://api.stacspec.org/v1.0.0-beta.1/openapi.yaml is the
 OpenAPI Doc[] 
 []


Overfull \hbox (80.12929pt too wide) in paragraph at lines 281--281
[]\T1/lmtt/m/n/10.95 https://api.stacspec.org/v1.0.0-beta.1/index.html is the H
TML documentation[] 
 []


Overfull \hbox (34.13942pt too wide) in paragraph at lines 281--281
[]\T1/lmtt/m/n/10.95 https://cmr.earthdata.nasa.gov/stac/LPCLOUD/collections/AS
TGTM.v003[] 
 []


Overfull \hbox (34.13942pt too wide) in paragraph at lines 281--281
[]\T1/lmtt/m/n/10.95 https://cmr.earthdata.nasa.gov/stac/LPCLOUD/collections/HL
SL30.v1.5[] 
 []


Overfull \hbox (34.13942pt too wide) in paragraph at lines 281--281
[]\T1/lmtt/m/n/10.95 https://cmr.earthdata.nasa.gov/stac/LPCLOUD/collections/HL
SS30.v1.5[] 
 []


Overfull \hbox (74.38055pt too wide) in paragraph at lines 303--303
[]\T1/lmtt/m/n/10.95 This collection contains All collections provided by LPCLO
UD (3 available)[] 
 []

! Undefined control sequence.
<argument> \n 
              
l.335 adjustment. \r\n
                      \r\nThe HLSL30 product provides 30-m Nadir Bidirectional 
Here is how much of TeX's memory you used:
 16556 strings out of 492649
 259235 string characters out of 6129622
 464598 words of memory out of 5000000
 20183 multiletter control sequences out of 15000+600000
 38691 words of font info for 50 fonts, out of 8000000 for 9000
 1141 hyphenation exceptions out of 8191
 43i,7n,51p,9134b,491s stack positions out of 5000i,500n,10000p,200000b,80000s

!  ==> Fatal error occurred, no output PDF file produced!
